Compilación iniciada a las 01/06/2016 14:52:44.
     1>Proyecto "C:\Interac\interac-dev2\Camara\platform\vc10\sample.vcxproj" en el nodo 2 (rebuild destinos).
     1>_PrepareForClean:
         Se eliminará el archivo ".\Debug\sample.lastbuildstate".
       InitializeBuildStatus:
         Aplicando tarea Touch a ".\Debug\sample.unsuccessfulbuild".
       ClCompile:
         C:\Program Files (x86)\Microsoft Visual Studio 10.0\VC\bin\CL.exe /c /I..\..\src\uart /I..\..\src\HVCApi /ZI /nologo /W4 /WX- /Od /Oy- /D WIN32 /D _DEBUG /D _CONSOLE /D _VC80_UPGRADE=0x0600 /D _MBCS /Gm /EHsc /RTC1 /MTd /GS /Gy- /fp:precise /Zc:wchar_t /Zc:forScope /Fo".\Debug\\" /Fd".\Debug\vc100.pdb" /Gd /TC /analyze- /errorReport:prompt ..\..\src\bmp\bitmap.c ..\..\src\uart\uart.c
         uart.c
     1>c:\interac\interac-dev2\camara\src\uart\uart.c(120): warning C4127: la expresión condicional es constante
         bitmap.c
         Generando código...
     1>cl : Línea de comandos warning D9028: error de regeneración mínimo, revirtiendo a la compilación normal
         C:\Program Files (x86)\Microsoft Visual Studio 10.0\VC\bin\CL.exe /c /I..\..\src\uart /I..\..\src\HVCApi /ZI /nologo /W4 /WX- /Od /Oy- /D WIN32 /D _DEBUG /D _CONSOLE /D _VC80_UPGRADE=0x0600 /D _MBCS /Gm /EHsc /RTC1 /MTd /GS /Gy- /fp:precise /Zc:wchar_t /Zc:forScope /Fo".\Debug\\" /Fd".\Debug\vc100.pdb" /Gd /TC /analyze- /errorReport:prompt ..\..\src\HVCApi\HVCApi.c ..\..\src\main\main.c
         main.c
     1>c:\interac\interac-dev2\camara\src\main\main.c(99): warning C4996: 'localtime': This function or variable may be unsafe. Consider using localtime_s instead. To disable deprecation, use _CRT_SECURE_NO_WARNINGS. See online help for details.
                 c:\program files (x86)\microsoft visual studio 10.0\vc\include\time.inl(112) : vea la declaración de 'localtime'
     1>c:\interac\interac-dev2\camara\src\main\main.c(370): warning C4565: 'free' : redefinición; el símbolo se declaró previamente con __declspec(noalias)
     1>c:\interac\interac-dev2\camara\src\main\main.c(414): warning C4565: 'free' : redefinición; el símbolo se declaró previamente con __declspec(noalias)
     1>c:\interac\interac-dev2\camara\src\main\main.c(441): warning C4565: 'free' : redefinición; el símbolo se declaró previamente con __declspec(noalias)
     1>c:\interac\interac-dev2\camara\src\main\main.c(488): warning C4565: 'free' : redefinición; el símbolo se declaró previamente con __declspec(noalias)
     1>c:\interac\interac-dev2\camara\src\main\main.c(513): warning C4996: 'fopen': This function or variable may be unsafe. Consider using fopen_s instead. To disable deprecation, use _CRT_SECURE_NO_WARNINGS. See online help for details.
                 c:\program files (x86)\microsoft visual studio 10.0\vc\include\stdio.h(234) : vea la declaración de 'fopen'
     1>c:\interac\interac-dev2\camara\src\main\main.c(519): warning C4996: 'localtime': This function or variable may be unsafe. Consider using localtime_s instead. To disable deprecation, use _CRT_SECURE_NO_WARNINGS. See online help for details.
                 c:\program files (x86)\microsoft visual studio 10.0\vc\include\time.inl(112) : vea la declaración de 'localtime'
     1>c:\interac\interac-dev2\camara\src\main\main.c(532): error C2059: error de sintaxis : 'if'
     1>c:\interac\interac-dev2\camara\src\main\main.c(537): error C2059: error de sintaxis : '}'
     1>c:\interac\interac-dev2\camara\src\main\main.c(538): error C2059: error de sintaxis : 'while'
     1>c:\interac\interac-dev2\camara\src\main\main.c(542): warning C4131: 'PrintLog' : utiliza el declarador de estilo anterior
     1>c:\interac\interac-dev2\camara\src\main\main.c(542): warning C4431: falta el especificador de tipo - se presupone int. Nota: C no admite default-int
     1>c:\interac\interac-dev2\camara\src\main\main.c(542): error C2371: 'PrintLog' : nueva definición; tipos básicos distintos
                 c:\interac\interac-dev2\camara\src\main\main.c(82) : vea la declaración de 'PrintLog'
     1>c:\interac\interac-dev2\camara\src\main\main.c(542): warning C4218: se ha utilizado una extensión no estándar : se debe especificar al menos una clase de almacenamiento o un tipo
     1>c:\interac\interac-dev2\camara\src\main\main.c(547): error C2059: error de sintaxis : 'if'
     1>c:\interac\interac-dev2\camara\src\main\main.c(551): warning C4431: falta el especificador de tipo - se presupone int. Nota: C no admite default-int
     1>c:\interac\interac-dev2\camara\src\main\main.c(551): error C2371: 'com_close' : nueva definición; tipos básicos distintos
                 c:\interac\interac-dev2\camara\src\uart\uart.h(24) : vea la declaración de 'com_close'
     1>c:\interac\interac-dev2\camara\src\main\main.c(551): warning C4218: se ha utilizado una extensión no estándar : se debe especificar al menos una clase de almacenamiento o un tipo
     1>c:\interac\interac-dev2\camara\src\main\main.c(554): error C2059: error de sintaxis : 'if'
     1>c:\interac\interac-dev2\camara\src\main\main.c(561): error C2059: error de sintaxis : 'return'
     1>c:\interac\interac-dev2\camara\src\main\main.c(562): error C2059: error de sintaxis : '}'
         HVCApi.c
         Generando código...
     1>cl : Línea de comandos warning D9028: error de regeneración mínimo, revirtiendo a la compilación normal
     1>Compilación del proyecto terminada "C:\Interac\interac-dev2\Camara\platform\vc10\sample.vcxproj" (rebuild destinos) -- ERROR.

ERROR al compilar.

Tiempo transcurrido 00:00:02.29
